PORT=5900
Failed to read: session.styleOverlay
Setting default value
Failed to read: session.slitlistFile
Setting default value
Failed to read: session.appsFile
Setting default value
Failed to read: session.styleOverlay
Setting default value
Failed to read: session.slitlistFile
Setting default value
Failed to read: session.appsFile
Setting default value
Failed to read: session.screen0.fullMaximization
Setting default value
Failed to read: session.screen0.maxIgnoreIncrement
Setting default value
Failed to read: session.screen0.maxDisableMove
Setting default value
Failed to read: session.screen0.maxDisableResize
Setting default value
Failed to read: session.screen0.workspacewarping
Setting default value
Failed to read: session.screen0.showwindowposition
Setting default value
Failed to read: session.screen0.autoRaise
Setting default value
Failed to read: session.screen0.clickRaises
Setting default value
Failed to read: session.screen0.defaultDeco
Setting default value
Failed to read: session.screen0.tab.placement
Setting default value
Failed to read: session.screen0.windowMenu
Setting default value
Failed to read: session.screen0.noFocusWhileTypingDelay
Setting default value
Failed to read: session.screen0.workspaces
Setting default value
Failed to read: session.screen0.menu.alpha
Setting default value
Failed to read: session.screen0.menuDelay
Setting default value
Failed to read: session.screen0.tab.width
Setting default value
Failed to read: session.screen0.tabs.usePixmap
Setting default value
Failed to read: session.screen0.tabs.maxOver
Setting default value
Failed to read: session.screen0.tabs.intitlebar
Setting default value
Failed to read: session.screen0.tabFocusModel
Setting default value
Failed to read: session.screen0.focusNewWindows
Setting default value
Failed to read: session.screen0.colPlacementDirection
Setting default value
Failed to read: session.screen0.windowPlacement
Setting default value
Failed to read: session.styleOverlay
Setting default value
Failed to read: session.slitlistFile
Setting default value
Failed to read: session.appsFile
Setting default value
Failed to read: session.screen0.fullMaximization
Setting default value
Failed to read: session.screen0.maxIgnoreIncrement
Setting default value
Failed to read: session.screen0.maxDisableMove
Setting default value
Failed to read: session.screen0.maxDisableResize
Setting default value
Failed to read: session.screen0.workspacewarping
Setting default value
Failed to read: session.screen0.showwindowposition
Setting default value
Failed to read: session.screen0.autoRaise
Setting default value
Failed to read: session.screen0.clickRaises
Setting default value
Failed to read: session.screen0.defaultDeco
Setting default value
Failed to read: session.screen0.tab.placement
Setting default value
Failed to read: session.screen0.windowMenu
Setting default value
Failed to read: session.screen0.noFocusWhileTypingDelay
Setting default value
Failed to read: session.screen0.workspaces
Setting default value
Failed to read: session.screen0.menu.alpha
Setting default value
Failed to read: session.screen0.menuDelay
Setting default value
Failed to read: session.screen0.tab.width
Setting default value
Failed to read: session.screen0.tabs.usePixmap
Setting default value
Failed to read: session.screen0.tabs.maxOver
Setting default value
Failed to read: session.screen0.tabs.intitlebar
Setting default value
Failed to read: session.screen0.tabFocusModel
Setting default value
Failed to read: session.screen0.focusNewWindows
Setting default value
Failed to read: session.screen0.colPlacementDirection
Setting default value
Failed to read: session.screen0.windowPlacement
Setting default value
Failed to read: session.screen0.slit.acceptKdeDockapps
Setting default value
Failed to read: session.screen0.slit.autoHide
Setting default value
Failed to read: session.screen0.slit.maxOver
Setting default value
Failed to read: session.screen0.slit.placement
Setting default value
Failed to read: session.screen0.slit.alpha
Setting default value
Failed to read: session.screen0.slit.onhead
Setting default value
Failed to read: session.screen0.slit.layer
Setting default value
Failed to read: session.screen0.toolbar.autoHide
Setting default value
Failed to read: session.screen0.toolbar.alpha
Setting default value
Failed to read: session.screen0.toolbar.layer
Setting default value
Failed to read: session.screen0.toolbar.placement
Setting default value
Failed to read: session.screen0.toolbar.height
Setting default value
Failed to read: session.screen0.iconbar.mode
Setting default value
Failed to read: session.screen0.iconbar.alignment
Setting default value
Failed to read: session.screen0.iconbar.iconWidth
Setting default value
Failed to read: session.screen0.iconbar.iconTextPadding
Setting default value
Failed to read: session.screen0.iconbar.usePixmap
Setting default value
Failed to read: session.screen0.titlebar.left
Setting default value
Failed to read: session.screen0.titlebar.right
Setting default value
